<?xml version="1.0" encoding="UTF-8"?>
<testng-results skipped="0" failed="0" ignored="0" total="1" passed="1">
  <reporter-output>
  </reporter-output>
  <suite name="Default suite" duration-ms="10024" started-at="2018-07-03T06:24:36Z" finished-at="2018-07-03T06:24:46Z">
    <groups>
    </groups>
    <test name="Default test" duration-ms="10024" started-at="2018-07-03T06:24:36Z" finished-at="2018-07-03T06:24:46Z">
      <class name="Test1.TestCase2">
        <test-method status="PASS" signature="testgithublogin()[pri:0, instance:Test1.TestCase2@475530b9]" name="testgithublogin" duration-ms="9987" started-at="2018-07-03T06:24:36Z" finished-at="2018-07-03T06:24:46Z">
          <reporter-output>
          </reporter-output>
        </test-method> <!-- testgithublogin -->
      </class> <!-- Test1.TestCase2 -->
    </test> <!-- Default test -->
  </suite> <!-- Default suite -->
</testng-results>
